<?xml version="1.0" encoding="UTF-8"?>
<!-- Generated by org.testng.reporters.JUnitXMLReporter -->
<testsuite ignored="0" hostname="Saro" failures="0" tests="3" name="Default test" time="96.174" errors="0" timestamp="2023-09-23T08:57:57 IST">
  <testcase classname="TestNg.DataProviders" name="demo" time="68.006"/>
  <testcase classname="TestNg.DataProviders" name="demo" time="14.72"/>
  <testcase classname="TestNg.DataProviders" name="demo" time="13.32"/>
</testsuite> <!-- Default test -->
