<?xml version="1.0" encoding="UTF-8"?>
<!-- Generated by org.testng.reporters.JUnitXMLReporter -->
<testsuite ignored="2" hostname="Saro" failures="0" tests="2" name="Test" time="0.316" errors="0" timestamp="2023-09-22T08:59:21 IST">
  <testcase classname="TestNG_Group.Sample2" name="sam2_1" time="0.079"/>
  <testcase classname="TestNG_Group.Sample1" name="sam2" time="0.009"/>
  <testcase classname="TestNG_Group.Sample1" name="sam1" time="0.0">
    <ignored/>
  </testcase> <!-- sam1 -->
  <testcase classname="TestNG_Group.Sample2" name="sam2_2" time="0.0">
    <ignored/>
  </testcase> <!-- sam2_2 -->
</testsuite> <!-- Test -->
