<?xml version="1.0" encoding="UTF-8"?>
<testng-results ignored="0" total="3" passed="3" failed="0" skipped="0">
  <reporter-output>
  </reporter-output>
  <suite started-at="2023-09-23T08:56:21 IST" name="Default suite" finished-at="2023-09-23T08:57:57 IST" duration-ms="96174">
    <groups>
    </groups>
    <test started-at="2023-09-23T08:56:21 IST" name="Default test" finished-at="2023-09-23T08:57:57 IST" duration-ms="96174">
      <class name="TestNg.DataProviders">
        <test-method signature="demo(java.lang.String,java.lang.String)[pri:0, instance:TestNg.DataProviders@5b8dfcc1]" started-at="2023-09-23T08:56:21 IST" name="demo" data-provider="getData" finished-at="2023-09-23T08:57:29 IST" duration-ms="68006" status="PASS">
          <params>
            <param index="0">
              <value>
                <![CDATA[sasi]]>
              </value>
            </param>
            <param index="1">
              <value>
                <![CDATA[kala]]>
              </value>
            </param>
          </params>
          <reporter-output>
          </reporter-output>
        </test-method> <!-- demo -->
        <test-method signature="demo(java.lang.String,java.lang.String)[pri:0, instance:TestNg.DataProviders@5b8dfcc1]" started-at="2023-09-23T08:57:29 IST" name="demo" data-provider="getData" finished-at="2023-09-23T08:57:44 IST" duration-ms="14720" status="PASS">
          <params>
            <param index="0">
              <value>
                <![CDATA[Hi]]>
              </value>
            </param>
            <param index="1">
              <value>
                <![CDATA[Hello]]>
              </value>
            </param>
          </params>
          <reporter-output>
          </reporter-output>
        </test-method> <!-- demo -->
        <test-method signature="demo(java.lang.String,java.lang.String)[pri:0, instance:TestNg.DataProviders@5b8dfcc1]" started-at="2023-09-23T08:57:44 IST" name="demo" data-provider="getData" finished-at="2023-09-23T08:57:57 IST" duration-ms="13320" status="PASS">
          <params>
            <param index="0">
              <value>
                <![CDATA[Java]]>
              </value>
            </param>
            <param index="1">
              <value>
                <![CDATA[Selenium]]>
              </value>
            </param>
          </params>
          <reporter-output>
          </reporter-output>
        </test-method> <!-- demo -->
      </class> <!-- TestNg.DataProviders -->
    </test> <!-- Default test -->
  </suite> <!-- Default suite -->
</testng-results>
